<?xml version="1.0" encoding="UTF-8"?>
<!-- Generated by org.testng.reporters.JUnitReportReporter -->
<testsuite skipped="0" hostname="ip-AC1A0E97" name="Maven_Testng.Maven_Testng.AppTest.crossBrowser" tests="1" failures="0" timestamp="2021-11-05T14:01:53 UTC" time="0.007" errors="0">
  <testcase name="f" time="0.007" classname="Maven_Testng.Maven_Testng.AppTest.crossBrowser"/>
  <system-out/>
</testsuite> <!-- Maven_Testng.Maven_Testng.AppTest.crossBrowser -->
